[1008/220952.267:ERROR:directory_reader_win.cc(43)] FindFirstFile: The system cannot find the path specified. (0x3)
[1012/200908.426:ERROR:filesystem_win.cc(129)] GetFileAttributes C:\Users\domin\AppData\Local\Google\Chrome\User Data\Crashpad\attachments\d9303b8a-456f-428a-b6b7-359a454cb573: The system cannot find the path specified. (0x3)
[1012/200908.452:ERROR:directory_reader_win.cc(43)] FindFirstFile: The system cannot find the path specified. (0x3)
[1013/233022.160:ERROR:process_memory_win.cc(73)] ReadMemory at 0x7ff6bb400000 of 64 bytes failed: Only part of a ReadProcessMemory or WriteProcessMemory request was completed. (0x12B)
[1013/233022.805:WARNING:pe_image_reader.cc(340)] could not read dos header from C:\Program Files (x86)\Google\Chrome\Application\chrome.exe
[1013/233022.806:ERROR:process_memory_win.cc(73)] ReadMemory at 0x7ffad9a20000 of 64 bytes failed: Only part of a ReadProcessMemory or WriteProcessMemory request was completed. (0x12B)
[1013/233022.806:WARNING:pe_image_reader.cc(340)] could not read dos header from C:\WINDOWS\SYSTEM32\ntdll.dll
[1013/233022.806:ERROR:process_memory_win.cc(73)] ReadMemory at 0x7ffad8490000 of 64 bytes failed: Only part of a ReadProcessMemory or WriteProcessMemory request was completed. (0x12B)
[1013/233022.806:WARNING:pe_image_reader.cc(340)] could not read dos header from C:\WINDOWS\System32\KERNEL32.DLL
[1013/233022.806:ERROR:process_memory_win.cc(73)] ReadMemory at 0x7ffad74d0000 of 64 bytes failed: Only part of a ReadProcessMemory or WriteProcessMemory request was completed. (0x12B)
[1013/233022.806:WARNING:pe_image_reader.cc(340)] could not read dos header from C:\WINDOWS\System32\KERNELBASE.dll
[1013/233022.806:ERROR:process_memory_win.cc(73)] ReadMemory at 0x7ffa8beb0000 of 64 bytes failed: Only part of a ReadProcessMemory or WriteProcessMemory request was completed. (0x12B)
[1013/233022.806:WARNING:pe_image_reader.cc(340)] could not read dos header from C:\Program Files (x86)\Google\Chrome\Application\86.0.4240.75\chrome_elf.dll
[1013/233022.806:ERROR:process_memory_win.cc(73)] ReadMemory at 0x7ffacb6e0000 of 64 bytes failed: Only part of a ReadProcessMemory or WriteProcessMemory request was completed. (0x12B)
[1013/233022.806:WARNING:pe_image_reader.cc(340)] could not read dos header from C:\WINDOWS\SYSTEM32\VERSION.dll
[1013/233022.806:ERROR:process_memory_win.cc(73)] ReadMemory at 0x7ffad8ca0000 of 64 bytes failed: Only part of a ReadProcessMemory or WriteProcessMemory request was completed. (0x12B)
[1013/233022.806:WARNING:pe_image_reader.cc(340)] could not read dos header from C:\WINDOWS\System32\msvcrt.dll
[1013/233022.806:ERROR:process_memory_win.cc(73)] ReadMemory at 0x7ffad7850000 of 64 bytes failed: Only part of a ReadProcessMemory or WriteProcessMemory request was completed. (0x12B)
[1013/233022.807:WARNING:pe_image_reader.cc(340)] could not read dos header from C:\WINDOWS\System32\bcryptPrimitives.dll
[1013/233022.807:ERROR:process_memory_win.cc(73)] ReadMemory at 0x7ffad8f20000 of 64 bytes failed: Only part of a ReadProcessMemory or WriteProcessMemory request was completed. (0x12B)
[1013/233022.807:WARNING:pe_image_reader.cc(340)] could not read dos header from C:\WINDOWS\System32\ADVAPI32.dll
[1013/233022.807:ERROR:process_memory_win.cc(73)] ReadMemory at 0x7ffad89c0000 of 64 bytes failed: Only part of a ReadProcessMemory or WriteProcessMemory request was completed. (0x12B)
[1013/233022.807:WARNING:pe_image_reader.cc(340)] could not read dos header from C:\WINDOWS\System32\sechost.dll
[1013/233022.807:ERROR:process_memory_win.cc(73)] ReadMemory at 0x7ffad8370000 of 64 bytes failed: Only part of a ReadProcessMemory or WriteProcessMemory request was completed. (0x12B)
[1013/233022.807:WARNING:pe_image_reader.cc(340)] could not read dos header from C:\WINDOWS\System32\RPCRT4.dll
[1013/233022.807:ERROR:process_memory_win.cc(73)] ReadMemory at 0x7ffa4a570000 of 64 bytes failed: Only part of a ReadProcessMemory or WriteProcessMemory request was completed. (0x12B)
[1013/233022.807:WARNING:pe_image_reader.cc(340)] could not read dos header from C:\Program Files (x86)\Google\Chrome\Application\86.0.4240.75\chrome.dll
[1013/233022.807:ERROR:process_memory_win.cc(73)] ReadMemory at 0x7ffad90b0000 of 64 bytes failed: Only part of a ReadProcessMemory or WriteProcessMemory request was completed. (0x12B)
[1013/233022.807:WARNING:pe_image_reader.cc(340)] could not read dos header from C:\WINDOWS\System32\WS2_32.dll
[1013/233022.807:ERROR:process_memory_win.cc(73)] ReadMemory at 0x7ffad7ae0000 of 64 bytes failed: Only part of a ReadProcessMemory or WriteProcessMemory request was completed. (0x12B)
[1013/233022.807:WARNING:pe_image_reader.cc(340)] could not read dos header from C:\WINDOWS\System32\OLEAUT32.dll
[1013/233022.807:ERROR:process_memory_win.cc(73)] ReadMemory at 0x7ffad7780000 of 64 bytes failed: Only part of a ReadProcessMemory or WriteProcessMemory request was completed. (0x12B)
[1013/233022.807:WARNING:pe_image_reader.cc(340)] could not read dos header from C:\WINDOWS\System32\msvcp_win.dll
[1013/233022.807:ERROR:process_memory_win.cc(73)] ReadMemory at 0x7ffad7380000 of 64 bytes failed: Only part of a ReadProcessMemory or WriteProcessMemory request was completed. (0x12B)
[1013/233022.807:WARNING:pe_image_reader.cc(340)] could not read dos header from C:\WINDOWS\System32\ucrtbase.dll
[1013/233022.807:ERROR:process_memory_win.cc(73)] ReadMemory at 0x7ffad95e0000 of 64 bytes failed: Only part of a ReadProcessMemory or WriteProcessMemory request was completed. (0x12B)
[1013/233022.807:WARNING:pe_image_reader.cc(340)] could not read dos header from C:\WINDOWS\System32\combase.dll
[1013/233022.807:ERROR:process_memory_win.cc(73)] ReadMemory at 0x7ffad78d0000 of 64 bytes failed: Only part of a ReadProcessMemory or WriteProcessMemory request was completed. (0x12B)
[1013/233022.807:WARNING:pe_image_reader.cc(340)] could not read dos header from C:\WINDOWS\System32\WINTRUST.dll
[1013/233022.807:ERROR:process_memory_win.cc(73)] ReadMemory at 0x7ffad6990000 of 64 bytes failed: Only part of a ReadProcessMemory or WriteProcessMemory request was completed. (0x12B)
[1013/233022.807:WARNING:pe_image_reader.cc(340)] could not read dos header from C:\WINDOWS\System32\MSASN1.dll
[1013/233022.807:ERROR:process_memory_win.cc(73)] ReadMemory at 0x7ffad7930000 of 64 bytes failed: Only part of a ReadProcessMemory or WriteProcessMemory request was completed. (0x12B)
[1013/233022.807:WARNING:pe_image_reader.cc(340)] could not read dos header from C:\WINDOWS\System32\CRYPT32.dll
[1013/233022.807:ERROR:process_memory_win.cc(73)] ReadMemory at 0x7ffad2170000 of 64 bytes failed: Only part of a ReadProcessMemory or WriteProcessMemory request was completed. (0x12B)
[1013/233022.807:WARNING:pe_image_reader.cc(340)] could not read dos header from C:\WINDOWS\SYSTEM32\dbghelp.dll
[1013/233022.807:ERROR:process_memory_win.cc(73)] ReadMemory at 0x7ffad5de0000 of 64 bytes failed: Only part of a ReadProcessMemory or WriteProcessMemory request was completed. (0x12B)
[1013/233022.807:WARNING:pe_image_reader.cc(340)] could not read dos header from C:\WINDOWS\SYSTEM32\IPHLPAPI.DLL
[1013/233022.807:ERROR:process_memory_win.cc(73)] ReadMemory at 0x7ffad1270000 of 64 bytes failed: Only part of a ReadProcessMemory or WriteProcessMemory request was completed. (0x12B)
[1013/233022.807:WARNING:pe_image_reader.cc(340)] could not read dos header from C:\WINDOWS\SYSTEM32\WINMM.dll
[1013/233022.808:ERROR:process_memory_win.cc(73)] ReadMemory at 0x7ffa9dd80000 of 64 bytes failed: Only part of a ReadProcessMemory or WriteProcessMemory request was completed. (0x12B)
[1013/233022.808:WARNING:pe_image_reader.cc(340)] could not read dos header from C:\WINDOWS\SYSTEM32\UIAutomationCore.DLL
[1013/233022.808:ERROR:process_memory_win.cc(73)] ReadMemory at 0x7ffac4bf0000 of 64 bytes failed: Only part of a ReadProcessMemory or WriteProcessMemory request was completed. (0x12B)
[1013/233022.808:WARNING:pe_image_reader.cc(340)] could not read dos header from C:\WINDOWS\SYSTEM32\Secur32.dll
[1013/233022.808:ERROR:process_memory_win.cc(73)] ReadMemory at 0x7ffad6800000 of 64 bytes failed: Only part of a ReadProcessMemory or WriteProcessMemory request was completed. (0x12B)
[1013/233022.808:WARNING:pe_image_reader.cc(340)] could not read dos header from C:\WINDOWS\SYSTEM32\USERENV.dll
[1013/233022.808:ERROR:process_memory_win.cc(73)] ReadMemory at 0x7ffad6960000 of 64 bytes failed: Only part of a ReadProcessMemory or WriteProcessMemory request was completed. (0x12B)
[1013/233022.808:WARNING:pe_image_reader.cc(340)] could not read dos header from C:\WINDOWS\System32\profapi.dll
[1013/233022.808:ERROR:process_memory_win.cc(73)] ReadMemory at 0x7ffac09e0000 of 64 bytes failed: Only part of a ReadProcessMemory or WriteProcessMemory request was completed. (0x12B)
[1013/233022.808:WARNING:pe_image_reader.cc(340)] could not read dos header from C:\WINDOWS\SYSTEM32\DWrite.dll
[1013/233022.808:ERROR:process_memory_win.cc(73)] ReadMemory at 0x7ffac9420000 of 64 bytes failed: Only part of a ReadProcessMemory or WriteProcessMemory request was completed. (0x12B)
[1013/233022.808:WARNING:pe_image_reader.cc(340)] could not read dos header from C:\WINDOWS\SYSTEM32\WINSPOOL.DRV
[1013/233022.808:ERROR:process_memory_win.cc(73)] ReadMemory at 0x7ffad68f0000 of 64 bytes failed: Only part of a ReadProcessMemory or WriteProcessMemory request was completed. (0x12B)
[1013/233022.808:WARNING:pe_image_reader.cc(340)] could not read dos header from C:\WINDOWS\System32\kernel.appcore.dll
[1013/233022.808:ERROR:process_memory_win.cc(73)] ReadMemory at 0x7ffad7820000 of 64 bytes failed: Only part of a ReadProcessMemory or WriteProcessMemory request was completed. (0x12B)
[1013/233022.808:WARNING:pe_image_reader.cc(340)] could not read dos header from C:\WINDOWS\System32\bcrypt.dll
[1013/233022.808:ERROR:process_memory_win.cc(73)] ReadMemory at 0x7ffacc000000 of 64 bytes failed: Only part of a ReadProcessMemory or WriteProcessMemory request was completed. (0x12B)
[1013/233022.808:WARNING:pe_image_reader.cc(340)] could not read dos header from C:\WINDOWS\SYSTEM32\WINHTTP.dll
[1013/233022.808:ERROR:process_memory_win.cc(73)] ReadMemory at 0x7ffac9b30000 of 64 bytes failed: Only part of a ReadProcessMemory or WriteProcessMemory request was completed. (0x12B)
[1013/233022.808:WARNING:pe_image_reader.cc(340)] could not read dos header from C:\WINDOWS\SYSTEM32\dhcpcsvc.DLL
[1013/233022.808:ERROR:process_memory_win.cc(73)] ReadMemory at 0x7ffad7ad0000 of 64 bytes failed: Only part of a ReadProcessMemory or WriteProcessMemory request was completed. (0x12B)
[1013/233022.808:WARNING:pe_image_reader.cc(340)] could not read dos header from C:\WINDOWS\System32\NSI.dll
[1013/233022.808:ERROR:process_memory_win.cc(73)] ReadMemory at 0x7ffad0f90000 of 64 bytes failed: Only part of a ReadProcessMemory or WriteProcessMemory request was completed. (0x12B)
[1013/233022.808:WARNING:pe_image_reader.cc(340)] could not read dos header from C:\WINDOWS\SYSTEM32\WINMMBASE.dll
[1013/233022.808:ERROR:process_memory_win.cc(73)] ReadMemory at 0x7ffad7a80000 of 64 bytes failed: Only part of a ReadProcessMemory or WriteProcessMemory request was completed. (0x12B)
[1013/233022.808:WARNING:pe_image_reader.cc(340)] could not read dos header from C:\WINDOWS\System32\cfgmgr32.dll
[1013/233022.808:ERROR:process_memory_win.cc(73)] ReadMemory at 0x7ffad1010000 of 64 bytes failed: Only part of a ReadProcessMemory or WriteProcessMemory request was completed. (0x12B)
[1013/233022.808:WARNING:pe_image_reader.cc(340)] could not read dos header from C:\WINDOWS\SYSTEM32\PROPSYS.dll
[1013/233022.808:ERROR:process_memory_win.cc(73)] ReadMemory at 0x7ffad9920000 of 64 bytes failed: Only part of a ReadProcessMemory or WriteProcessMemory request was completed. (0x12B)
[1013/233022.808:WARNING:pe_image_reader.cc(340)] could not read dos header from C:\WINDOWS\System32\shcore.dll
[1013/233022.809:ERROR:process_memory_win.cc(73)] ReadMemory at 0x7ffad67c0000 of 64 bytes failed: Only part of a ReadProcessMemory or WriteProcessMemory request was completed. (0x12B)
[1013/233022.809:WARNING:pe_image_reader.cc(340)] could not read dos header from C:\WINDOWS\SYSTEM32\SSPICLI.DLL
[1013/233022.809:ERROR:process_memory_win.cc(73)] ReadMemory at 0x7ffad62a0000 of 64 bytes failed: Only part of a ReadProcessMemory or WriteProcessMemory request was completed. (0x12B)
[1013/233022.809:WARNING:pe_image_reader.cc(340)] could not read dos header from C:\WINDOWS\SYSTEM32\CRYPTBASE.DLL
[1013/233022.980:ERROR:process_memory_win.cc(73)] ReadMemory at 0x7ff6bb400000 of 64 bytes failed: Only part of a ReadProcessMemory or WriteProcessMemory request was completed. (0x12B)
[1013/233022.980:WARNING:pe_image_reader.cc(340)] could not read dos header from C:\Program Files (x86)\Google\Chrome\Application\chrome.exe
[1013/233022.980:ERROR:process_memory_win.cc(73)] ReadMemory at 0x7ffad9a20000 of 64 bytes failed: Only part of a ReadProcessMemory or WriteProcessMemory request was completed. (0x12B)
[1013/233022.980:WARNING:pe_image_reader.cc(340)] could not read dos header from C:\WINDOWS\SYSTEM32\ntdll.dll
[1013/233022.980:ERROR:process_memory_win.cc(73)] ReadMemory at 0x7ffad8490000 of 64 bytes failed: Only part of a ReadProcessMemory or WriteProcessMemory request was completed. (0x12B)
[1013/233022.980:WARNING:pe_image_reader.cc(340)] could not read dos header from C:\WINDOWS\System32\KERNEL32.DLL
[1013/233022.980:ERROR:process_memory_win.cc(73)] ReadMemory at 0x7ffad74d0000 of 64 bytes failed: Only part of a ReadProcessMemory or WriteProcessMemory request was completed. (0x12B)
[1013/233022.980:WARNING:pe_image_reader.cc(340)] could not read dos header from C:\WINDOWS\System32\KERNELBASE.dll
[1013/233022.980:ERROR:process_memory_win.cc(73)] ReadMemory at 0x7ffa8beb0000 of 64 bytes failed: Only part of a ReadProcessMemory or WriteProcessMemory request was completed. (0x12B)
[1013/233022.980:WARNING:pe_image_reader.cc(340)] could not read dos header from C:\Program Files (x86)\Google\Chrome\Application\86.0.4240.75\chrome_elf.dll
[1013/233022.980:ERROR:process_memory_win.cc(73)] ReadMemory at 0x7ffacb6e0000 of 64 bytes failed: Only part of a ReadProcessMemory or WriteProcessMemory request was completed. (0x12B)
[1013/233022.980:WARNING:pe_image_reader.cc(340)] could not read dos header from C:\WINDOWS\SYSTEM32\VERSION.dll
[1013/233022.980:ERROR:process_memory_win.cc(73)] ReadMemory at 0x7ffad8ca0000 of 64 bytes failed: Only part of a ReadProcessMemory or WriteProcessMemory request was completed. (0x12B)
[1013/233022.980:WARNING:pe_image_reader.cc(340)] could not read dos header from C:\WINDOWS\System32\msvcrt.dll
[1013/233022.980:ERROR:process_memory_win.cc(73)] ReadMemory at 0x7ffad7850000 of 64 bytes failed: Only part of a ReadProcessMemory or WriteProcessMemory request was completed. (0x12B)
[1013/233022.980:WARNING:pe_image_reader.cc(340)] could not read dos header from C:\WINDOWS\System32\bcryptPrimitives.dll
[1013/233022.980:ERROR:process_memory_win.cc(73)] ReadMemory at 0x7ffad8f20000 of 64 bytes failed: Only part of a ReadProcessMemory or WriteProcessMemory request was completed. (0x12B)
[1013/233022.980:WARNING:pe_image_reader.cc(340)] could not read dos header from C:\WINDOWS\System32\ADVAPI32.dll
[1013/233022.980:ERROR:process_memory_win.cc(73)] ReadMemory at 0x7ffad89c0000 of 64 bytes failed: Only part of a ReadProcessMemory or WriteProcessMemory request was completed. (0x12B)
[1013/233022.980:WARNING:pe_image_reader.cc(340)] could not read dos header from C:\WINDOWS\System32\sechost.dll
[1013/233022.980:ERROR:process_memory_win.cc(73)] ReadMemory at 0x7ffad8370000 of 64 bytes failed: Only part of a ReadProcessMemory or WriteProcessMemory request was completed. (0x12B)
[1013/233022.980:WARNING:pe_image_reader.cc(340)] could not read dos header from C:\WINDOWS\System32\RPCRT4.dll
[1013/233022.980:ERROR:process_memory_win.cc(73)] ReadMemory at 0x7ffa4a570000 of 64 bytes failed: Only part of a ReadProcessMemory or WriteProcessMemory request was completed. (0x12B)
[1013/233022.980:WARNING:pe_image_reader.cc(340)] could not read dos header from C:\Program Files (x86)\Google\Chrome\Application\86.0.4240.75\chrome.dll
[1013/233022.980:ERROR:process_memory_win.cc(73)] ReadMemory at 0x7ffad90b0000 of 64 bytes failed: Only part of a ReadProcessMemory or WriteProcessMemory request was completed. (0x12B)
[1013/233022.980:WARNING:pe_image_reader.cc(340)] could not read dos header from C:\WINDOWS\System32\WS2_32.dll
[1013/233022.980:ERROR:process_memory_win.cc(73)] ReadMemory at 0x7ffad7ae0000 of 64 bytes failed: Only part of a ReadProcessMemory or WriteProcessMemory request was completed. (0x12B)
[1013/233022.980:WARNING:pe_image_reader.cc(340)] could not read dos header from C:\WINDOWS\System32\OLEAUT32.dll
[1013/233022.980:ERROR:process_memory_win.cc(73)] ReadMemory at 0x7ffad7780000 of 64 bytes failed: Only part of a ReadProcessMemory or WriteProcessMemory request was completed. (0x12B)
[1013/233022.980:WARNING:pe_image_reader.cc(340)] could not read dos header from C:\WINDOWS\System32\msvcp_win.dll
[1013/233022.980:ERROR:process_memory_win.cc(73)] ReadMemory at 0x7ffad7380000 of 64 bytes failed: Only part of a ReadProcessMemory or WriteProcessMemory request was completed. (0x12B)
[1013/233022.980:WARNING:pe_image_reader.cc(340)] could not read dos header from C:\WINDOWS\System32\ucrtbase.dll
[1013/233022.980:ERROR:process_memory_win.cc(73)] ReadMemory at 0x7ffad95e0000 of 64 bytes failed: Only part of a ReadProcessMemory or WriteProcessMemory request was completed. (0x12B)
[1013/233022.980:WARNING:pe_image_reader.cc(340)] could not read dos header from C:\WINDOWS\System32\combase.dll
[1013/233022.980:ERROR:process_memory_win.cc(73)] ReadMemory at 0x7ffad78d0000 of 64 bytes failed: Only part of a ReadProcessMemory or WriteProcessMemory request was completed. (0x12B)
[1013/233022.980:WARNING:pe_image_reader.cc(340)] could not read dos header from C:\WINDOWS\System32\WINTRUST.dll
[1013/233022.980:ERROR:process_memory_win.cc(73)] ReadMemory at 0x7ffad6990000 of 64 bytes failed: Only part of a ReadProcessMemory or WriteProcessMemory request was completed. (0x12B)
[1013/233022.980:WARNING:pe_image_reader.cc(340)] could not read dos header from C:\WINDOWS\System32\MSASN1.dll
[1013/233022.980:ERROR:process_memory_win.cc(73)] ReadMemory at 0x7ffad7930000 of 64 bytes failed: Only part of a ReadProcessMemory or WriteProcessMemory request was completed. (0x12B)
[1013/233022.980:WARNING:pe_image_reader.cc(340)] could not read dos header from C:\WINDOWS\System32\CRYPT32.dll
[1013/233022.980:ERROR:process_memory_win.cc(73)] ReadMemory at 0x7ffad2170000 of 64 bytes failed: Only part of a ReadProcessMemory or WriteProcessMemory request was completed. (0x12B)
[1013/233022.980:WARNING:pe_image_reader.cc(340)] could not read dos header from C:\WINDOWS\SYSTEM32\dbghelp.dll
[1013/233022.980:ERROR:process_memory_win.cc(73)] ReadMemory at 0x7ffad5de0000 of 64 bytes failed: Only part of a ReadProcessMemory or WriteProcessMemory request was completed. (0x12B)
[1013/233022.980:WARNING:pe_image_reader.cc(340)] could not read dos header from C:\WINDOWS\SYSTEM32\IPHLPAPI.DLL
[1013/233022.980:ERROR:process_memory_win.cc(73)] ReadMemory at 0x7ffad1270000 of 64 bytes failed: Only part of a ReadProcessMemory or WriteProcessMemory request was completed. (0x12B)
[1013/233022.980:WARNING:pe_image_reader.cc(340)] could not read dos header from C:\WINDOWS\SYSTEM32\WINMM.dll
[1013/233022.980:ERROR:process_memory_win.cc(73)] ReadMemory at 0x7ffa9dd80000 of 64 bytes failed: Only part of a ReadProcessMemory or WriteProcessMemory request was completed. (0x12B)
[1013/233022.980:WARNING:pe_image_reader.cc(340)] could not read dos header from C:\WINDOWS\SYSTEM32\UIAutomationCore.DLL
[1013/233022.981:ERROR:process_memory_win.cc(73)] ReadMemory at 0x7ffac4bf0000 of 64 bytes failed: Only part of a ReadProcessMemory or WriteProcessMemory request was completed. (0x12B)
[1013/233022.981:WARNING:pe_image_reader.cc(340)] could not read dos header from C:\WINDOWS\SYSTEM32\Secur32.dll
[1013/233022.981:ERROR:process_memory_win.cc(73)] ReadMemory at 0x7ffad6800000 of 64 bytes failed: Only part of a ReadProcessMemory or WriteProcessMemory request was completed. (0x12B)
[1013/233022.982:WARNING:pe_image_reader.cc(340)] could not read dos header from C:\WINDOWS\SYSTEM32\USERENV.dll
[1013/233022.982:ERROR:process_memory_win.cc(73)] ReadMemory at 0x7ffad6960000 of 64 bytes failed: Only part of a ReadProcessMemory or WriteProcessMemory request was completed. (0x12B)
[1013/233022.982:WARNING:pe_image_reader.cc(340)] could not read dos header from C:\WINDOWS\System32\profapi.dll
[1013/233022.982:ERROR:process_memory_win.cc(73)] ReadMemory at 0x7ffac09e0000 of 64 bytes failed: Only part of a ReadProcessMemory or WriteProcessMemory request was completed. (0x12B)
[1013/233022.982:WARNING:pe_image_reader.cc(340)] could not read dos header from C:\WINDOWS\SYSTEM32\DWrite.dll
[1013/233022.982:ERROR:process_memory_win.cc(73)] ReadMemory at 0x7ffac9420000 of 64 bytes failed: Only part of a ReadProcessMemory or WriteProcessMemory request was completed. (0x12B)
[1013/233022.982:WARNING:pe_image_reader.cc(340)] could not read dos header from C:\WINDOWS\SYSTEM32\WINSPOOL.DRV
[1013/233022.982:ERROR:process_memory_win.cc(73)] ReadMemory at 0x7ffad68f0000 of 64 bytes failed: Only part of a ReadProcessMemory or WriteProcessMemory request was completed. (0x12B)
[1013/233022.982:WARNING:pe_image_reader.cc(340)] could not read dos header from C:\WINDOWS\System32\kernel.appcore.dll
[1013/233022.982:ERROR:process_memory_win.cc(73)] ReadMemory at 0x7ffad7820000 of 64 bytes failed: Only part of a ReadProcessMemory or WriteProcessMemory request was completed. (0x12B)
[1013/233022.982:WARNING:pe_image_reader.cc(340)] could not read dos header from C:\WINDOWS\System32\bcrypt.dll
[1013/233022.982:ERROR:process_memory_win.cc(73)] ReadMemory at 0x7ffacc000000 of 64 bytes failed: Only part of a ReadProcessMemory or WriteProcessMemory request was completed. (0x12B)
[1013/233022.982:WARNING:pe_image_reader.cc(340)] could not read dos header from C:\WINDOWS\SYSTEM32\WINHTTP.dll
[1013/233022.982:ERROR:process_memory_win.cc(73)] ReadMemory at 0x7ffac9b30000 of 64 bytes failed: Only part of a ReadProcessMemory or WriteProcessMemory request was completed. (0x12B)
[1013/233022.982:WARNING:pe_image_reader.cc(340)] could not read dos header from C:\WINDOWS\SYSTEM32\dhcpcsvc.DLL
[1013/233022.982:ERROR:process_memory_win.cc(73)] ReadMemory at 0x7ffad7ad0000 of 64 bytes failed: Only part of a ReadProcessMemory or WriteProcessMemory request was completed. (0x12B)
[1013/233022.982:WARNING:pe_image_reader.cc(340)] could not read dos header from C:\WINDOWS\System32\NSI.dll
[1013/233022.982:ERROR:process_memory_win.cc(73)] ReadMemory at 0x7ffad0f90000 of 64 bytes failed: Only part of a ReadProcessMemory or WriteProcessMemory request was completed. (0x12B)
[1013/233022.982:WARNING:pe_image_reader.cc(340)] could not read dos header from C:\WINDOWS\SYSTEM32\WINMMBASE.dll
[1013/233022.982:ERROR:process_memory_win.cc(73)] ReadMemory at 0x7ffad7a80000 of 64 bytes failed: Only part of a ReadProcessMemory or WriteProcessMemory request was completed. (0x12B)
[1013/233022.982:WARNING:pe_image_reader.cc(340)] could not read dos header from C:\WINDOWS\System32\cfgmgr32.dll
[1013/233022.982:ERROR:process_memory_win.cc(73)] ReadMemory at 0x7ffad1010000 of 64 bytes failed: Only part of a ReadProcessMemory or WriteProcessMemory request was completed. (0x12B)
[1013/233022.982:WARNING:pe_image_reader.cc(340)] could not read dos header from C:\WINDOWS\SYSTEM32\PROPSYS.dll
[1013/233022.982:ERROR:process_memory_win.cc(73)] ReadMemory at 0x7ffad9920000 of 64 bytes failed: Only part of a ReadProcessMemory or WriteProcessMemory request was completed. (0x12B)
[1013/233022.982:WARNING:pe_image_reader.cc(340)] could not read dos header from C:\WINDOWS\System32\shcore.dll
[1013/233022.982:ERROR:process_memory_win.cc(73)] ReadMemory at 0x7ffad67c0000 of 64 bytes failed: Only part of a ReadProcessMemory or WriteProcessMemory request was completed. (0x12B)
[1013/233022.982:WARNING:pe_image_reader.cc(340)] could not read dos header from C:\WINDOWS\SYSTEM32\SSPICLI.DLL
[1013/233022.982:ERROR:process_memory_win.cc(73)] ReadMemory at 0x7ffad62a0000 of 64 bytes failed: Only part of a ReadProcessMemory or WriteProcessMemory request was completed. (0x12B)
[1013/233022.982:WARNING:pe_image_reader.cc(340)] could not read dos header from C:\WINDOWS\SYSTEM32\CRYPTBASE.DLL
[1013/233022.982:ERROR:process_memory_win.cc(73)] ReadMemory at 0x7ff6bb400000 of 64 bytes failed: Only part of a ReadProcessMemory or WriteProcessMemory request was completed. (0x12B)
[1013/233022.982:WARNING:pe_image_reader.cc(340)] could not read dos header from C:\Program Files (x86)\Google\Chrome\Application\chrome.exe
[1013/233022.982:ERROR:process_memory_win.cc(73)] ReadMemory at 0x7ffad9a20000 of 64 bytes failed: Only part of a ReadProcessMemory or WriteProcessMemory request was completed. (0x12B)
[1013/233022.982:WARNING:pe_image_reader.cc(340)] could not read dos header from C:\WINDOWS\SYSTEM32\ntdll.dll
[1013/233022.982:ERROR:process_memory_win.cc(73)] ReadMemory at 0x7ffad8490000 of 64 bytes failed: Only part of a ReadProcessMemory or WriteProcessMemory request was completed. (0x12B)
[1013/233022.982:WARNING:pe_image_reader.cc(340)] could not read dos header from C:\WINDOWS\System32\KERNEL32.DLL
[1013/233022.982:ERROR:process_memory_win.cc(73)] ReadMemory at 0x7ffad74d0000 of 64 bytes failed: Only part of a ReadProcessMemory or WriteProcessMemory request was completed. (0x12B)
[1013/233022.982:WARNING:pe_image_reader.cc(340)] could not read dos header from C:\WINDOWS\System32\KERNELBASE.dll
[1013/233022.982:ERROR:process_memory_win.cc(73)] ReadMemory at 0x7ffa8beb0000 of 64 bytes failed: Only part of a ReadProcessMemory or WriteProcessMemory request was completed. (0x12B)
[1013/233022.982:WARNING:pe_image_reader.cc(340)] could not read dos header from C:\Program Files (x86)\Google\Chrome\Application\86.0.4240.75\chrome_elf.dll
[1013/233022.982:ERROR:process_memory_win.cc(73)] ReadMemory at 0x7ffacb6e0000 of 64 bytes failed: Only part of a ReadProcessMemory or WriteProcessMemory request was completed. (0x12B)
[1013/233022.982:WARNING:pe_image_reader.cc(340)] could not read dos header from C:\WINDOWS\SYSTEM32\VERSION.dll
[1013/233022.982:ERROR:process_memory_win.cc(73)] ReadMemory at 0x7ffad8ca0000 of 64 bytes failed: Only part of a ReadProcessMemory or WriteProcessMemory request was completed. (0x12B)
[1013/233022.982:WARNING:pe_image_reader.cc(340)] could not read dos header from C:\WINDOWS\System32\msvcrt.dll
[1013/233022.982:ERROR:process_memory_win.cc(73)] ReadMemory at 0x7ffad7850000 of 64 bytes failed: Only part of a ReadProcessMemory or WriteProcessMemory request was completed. (0x12B)
[1013/233022.982:WARNING:pe_image_reader.cc(340)] could not read dos header from C:\WINDOWS\System32\bcryptPrimitives.dll
[1013/233022.983:ERROR:process_memory_win.cc(73)] ReadMemory at 0x7ffad8f20000 of 64 bytes failed: Only part of a ReadProcessMemory or WriteProcessMemory request was completed. (0x12B)
[1013/233022.983:WARNING:pe_image_reader.cc(340)] could not read dos header from C:\WINDOWS\System32\ADVAPI32.dll
[1013/233022.983:ERROR:process_memory_win.cc(73)] ReadMemory at 0x7ffad89c0000 of 64 bytes failed: Only part of a ReadProcessMemory or WriteProcessMemory request was completed. (0x12B)
[1013/233022.983:WARNING:pe_image_reader.cc(340)] could not read dos header from C:\WINDOWS\System32\sechost.dll
[1013/233022.983:ERROR:process_memory_win.cc(73)] ReadMemory at 0x7ffad8370000 of 64 bytes failed: Only part of a ReadProcessMemory or WriteProcessMemory request was completed. (0x12B)
[1013/233022.983:WARNING:pe_image_reader.cc(340)] could not read dos header from C:\WINDOWS\System32\RPCRT4.dll
[1013/233022.983:ERROR:process_memory_win.cc(73)] ReadMemory at 0x7ffa4a570000 of 64 bytes failed: Only part of a ReadProcessMemory or WriteProcessMemory request was completed. (0x12B)
[1013/233022.983:WARNING:pe_image_reader.cc(340)] could not read dos header from C:\Program Files (x86)\Google\Chrome\Application\86.0.4240.75\chrome.dll
[1013/233022.984:ERROR:process_memory_win.cc(73)] ReadMemory at 0x7ffad90b0000 of 64 bytes failed: Only part of a ReadProcessMemory or WriteProcessMemory request was completed. (0x12B)
[1013/233022.984:WARNING:pe_image_reader.cc(340)] could not read dos header from C:\WINDOWS\System32\WS2_32.dll
[1013/233022.984:ERROR:process_memory_win.cc(73)] ReadMemory at 0x7ffad7ae0000 of 64 bytes failed: Only part of a ReadProcessMemory or WriteProcessMemory request was completed. (0x12B)
[1013/233022.984:WARNING:pe_image_reader.cc(340)] could not read dos header from C:\WINDOWS\System32\OLEAUT32.dll
[1013/233022.984:ERROR:process_memory_win.cc(73)] ReadMemory at 0x7ffad7780000 of 64 bytes failed: Only part of a ReadProcessMemory or WriteProcessMemory request was completed. (0x12B)
[1013/233022.984:WARNING:pe_image_reader.cc(340)] could not read dos header from C:\WINDOWS\System32\msvcp_win.dll
[1013/233022.984:ERROR:process_memory_win.cc(73)] ReadMemory at 0x7ffad7380000 of 64 bytes failed: Only part of a ReadProcessMemory or WriteProcessMemory request was completed. (0x12B)
[1013/233022.984:WARNING:pe_image_reader.cc(340)] could not read dos header from C:\WINDOWS\System32\ucrtbase.dll
[1013/233022.984:ERROR:process_memory_win.cc(73)] ReadMemory at 0x7ffad95e0000 of 64 bytes failed: Only part of a ReadProcessMemory or WriteProcessMemory request was completed. (0x12B)
[1013/233022.984:WARNING:pe_image_reader.cc(340)] could not read dos header from C:\WINDOWS\System32\combase.dll
[1013/233022.984:ERROR:process_memory_win.cc(73)] ReadMemory at 0x7ffad78d0000 of 64 bytes failed: Only part of a ReadProcessMemory or WriteProcessMemory request was completed. (0x12B)
[1013/233022.984:WARNING:pe_image_reader.cc(340)] could not read dos header from C:\WINDOWS\System32\WINTRUST.dll
[1013/233022.984:ERROR:process_memory_win.cc(73)] ReadMemory at 0x7ffad6990000 of 64 bytes failed: Only part of a ReadProcessMemory or WriteProcessMemory request was completed. (0x12B)
[1013/233022.984:WARNING:pe_image_reader.cc(340)] could not read dos header from C:\WINDOWS\System32\MSASN1.dll
[1013/233022.984:ERROR:process_memory_win.cc(73)] ReadMemory at 0x7ffad7930000 of 64 bytes failed: Only part of a ReadProcessMemory or WriteProcessMemory request was completed. (0x12B)
[1013/233022.984:WARNING:pe_image_reader.cc(340)] could not read dos header from C:\WINDOWS\System32\CRYPT32.dll
[1013/233022.984:ERROR:process_memory_win.cc(73)] ReadMemory at 0x7ffad2170000 of 64 bytes failed: Only part of a ReadProcessMemory or WriteProcessMemory request was completed. (0x12B)
[1013/233022.984:WARNING:pe_image_reader.cc(340)] could not read dos header from C:\WINDOWS\SYSTEM32\dbghelp.dll
[1013/233022.984:ERROR:process_memory_win.cc(73)] ReadMemory at 0x7ffad5de0000 of 64 bytes failed: Only part of a ReadProcessMemory or WriteProcessMemory request was completed. (0x12B)
[1013/233022.984:WARNING:pe_image_reader.cc(340)] could not read dos header from C:\WINDOWS\SYSTEM32\IPHLPAPI.DLL
[1013/233022.984:ERROR:process_memory_win.cc(73)] ReadMemory at 0x7ffad1270000 of 64 bytes failed: Only part of a ReadProcessMemory or WriteProcessMemory request was completed. (0x12B)
[1013/233022.984:WARNING:pe_image_reader.cc(340)] could not read dos header from C:\WINDOWS\SYSTEM32\WINMM.dll
[1013/233022.984:ERROR:process_memory_win.cc(73)] ReadMemory at 0x7ffa9dd80000 of 64 bytes failed: Only part of a ReadProcessMemory or WriteProcessMemory request was completed. (0x12B)
[1013/233022.984:WARNING:pe_image_reader.cc(340)] could not read dos header from C:\WINDOWS\SYSTEM32\UIAutomationCore.DLL
[1013/233022.984:ERROR:process_memory_win.cc(73)] ReadMemory at 0x7ffac4bf0000 of 64 bytes failed: Only part of a ReadProcessMemory or WriteProcessMemory request was completed. (0x12B)
[1013/233022.984:WARNING:pe_image_reader.cc(340)] could not read dos header from C:\WINDOWS\SYSTEM32\Secur32.dll
[1013/233022.984:ERROR:process_memory_win.cc(73)] ReadMemory at 0x7ffad6800000 of 64 bytes failed: Only part of a ReadProcessMemory or WriteProcessMemory request was completed. (0x12B)
[1013/233022.984:WARNING:pe_image_reader.cc(340)] could not read dos header from C:\WINDOWS\SYSTEM32\USERENV.dll
[1013/233022.984:ERROR:process_memory_win.cc(73)] ReadMemory at 0x7ffad6960000 of 64 bytes failed: Only part of a ReadProcessMemory or WriteProcessMemory request was completed. (0x12B)
[1013/233022.984:WARNING:pe_image_reader.cc(340)] could not read dos header from C:\WINDOWS\System32\profapi.dll
[1013/233022.984:ERROR:process_memory_win.cc(73)] ReadMemory at 0x7ffac09e0000 of 64 bytes failed: Only part of a ReadProcessMemory or WriteProcessMemory request was completed. (0x12B)
[1013/233022.984:WARNING:pe_image_reader.cc(340)] could not read dos header from C:\WINDOWS\SYSTEM32\DWrite.dll
[1013/233022.985:ERROR:process_memory_win.cc(73)] ReadMemory at 0x7ffac9420000 of 64 bytes failed: Only part of a ReadProcessMemory or WriteProcessMemory request was completed. (0x12B)
[1013/233022.985:WARNING:pe_image_reader.cc(340)] could not read dos header from C:\WINDOWS\SYSTEM32\WINSPOOL.DRV
[1013/233022.985:ERROR:process_memory_win.cc(73)] ReadMemory at 0x7ffad68f0000 of 64 bytes failed: Only part of a ReadProcessMemory or WriteProcessMemory request was completed. (0x12B)
[1013/233022.985:WARNING:pe_image_reader.cc(340)] could not read dos header from C:\WINDOWS\System32\kernel.appcore.dll
[1013/233022.985:ERROR:process_memory_win.cc(73)] ReadMemory at 0x7ffad7820000 of 64 bytes failed: Only part of a ReadProcessMemory or WriteProcessMemory request was completed. (0x12B)
[1013/233022.985:WARNING:pe_image_reader.cc(340)] could not read dos header from C:\WINDOWS\System32\bcrypt.dll
[1013/233022.985:ERROR:process_memory_win.cc(73)] ReadMemory at 0x7ffacc000000 of 64 bytes failed: Only part of a ReadProcessMemory or WriteProcessMemory request was completed. (0x12B)
[1013/233022.985:WARNING:pe_image_reader.cc(340)] could not read dos header from C:\WINDOWS\SYSTEM32\WINHTTP.dll
[1013/233022.985:ERROR:process_memory_win.cc(73)] ReadMemory at 0x7ffac9b30000 of 64 bytes failed: Only part of a ReadProcessMemory or WriteProcessMemory request was completed. (0x12B)
[1013/233022.985:WARNING:pe_image_reader.cc(340)] could not read dos header from C:\WINDOWS\SYSTEM32\dhcpcsvc.DLL
[1013/233022.985:ERROR:process_memory_win.cc(73)] ReadMemory at 0x7ffad7ad0000 of 64 bytes failed: Only part of a ReadProcessMemory or WriteProcessMemory request was completed. (0x12B)
[1013/233022.985:WARNING:pe_image_reader.cc(340)] could not read dos header from C:\WINDOWS\System32\NSI.dll
[1013/233022.985:ERROR:process_memory_win.cc(73)] ReadMemory at 0x7ffad0f90000 of 64 bytes failed: Only part of a ReadProcessMemory or WriteProcessMemory request was completed. (0x12B)
[1013/233022.985:WARNING:pe_image_reader.cc(340)] could not read dos header from C:\WINDOWS\SYSTEM32\WINMMBASE.dll
[1013/233022.985:ERROR:process_memory_win.cc(73)] ReadMemory at 0x7ffad7a80000 of 64 bytes failed: Only part of a ReadProcessMemory or WriteProcessMemory request was completed. (0x12B)
[1013/233022.985:WARNING:pe_image_reader.cc(340)] could not read dos header from C:\WINDOWS\System32\cfgmgr32.dll
[1013/233022.985:ERROR:process_memory_win.cc(73)] ReadMemory at 0x7ffad1010000 of 64 bytes failed: Only part of a ReadProcessMemory or WriteProcessMemory request was completed. (0x12B)
[1013/233022.985:WARNING:pe_image_reader.cc(340)] could not read dos header from C:\WINDOWS\SYSTEM32\PROPSYS.dll
[1013/233022.985:ERROR:process_memory_win.cc(73)] ReadMemory at 0x7ffad9920000 of 64 bytes failed: Only part of a ReadProcessMemory or WriteProcessMemory request was completed. (0x12B)
[1013/233022.985:WARNING:pe_image_reader.cc(340)] could not read dos header from C:\WINDOWS\System32\shcore.dll
[1013/233022.985:ERROR:process_memory_win.cc(73)] ReadMemory at 0x7ffad67c0000 of 64 bytes failed: Only part of a ReadProcessMemory or WriteProcessMemory request was completed. (0x12B)
[1013/233022.985:WARNING:pe_image_reader.cc(340)] could not read dos header from C:\WINDOWS\SYSTEM32\SSPICLI.DLL
[1013/233022.985:ERROR:process_memory_win.cc(73)] ReadMemory at 0x7ffad62a0000 of 64 bytes failed: Only part of a ReadProcessMemory or WriteProcessMemory request was completed. (0x12B)
[1013/233022.985:WARNING:pe_image_reader.cc(340)] could not read dos header from C:\WINDOWS\SYSTEM32\CRYPTBASE.DLL
[1013/233023.338:ERROR:process_memory_win.cc(73)] ReadMemory at 0xdb17ee000 of 73728 bytes failed: Only part of a ReadProcessMemory or WriteProcessMemory request was completed. (0x12B)
[1013/233023.338:ERROR:process_memory_win.cc(73)] ReadMemory at 0xdb1ffe000 of 8192 bytes failed: Only part of a ReadProcessMemory or WriteProcessMemory request was completed. (0x12B)
[1013/233023.338:ERROR:process_memory_win.cc(73)] ReadMemory at 0xdb27f6000 of 40960 bytes failed: Only part of a ReadProcessMemory or WriteProcessMemory request was completed. (0x12B)
[1013/233023.338:ERROR:process_memory_win.cc(73)] ReadMemory at 0xdb2ffe000 of 8192 bytes failed: Only part of a ReadProcessMemory or WriteProcessMemory request was completed. (0x12B)
[1013/233023.338:ERROR:process_memory_win.cc(73)] ReadMemory at 0xdb37fc000 of 16384 bytes failed: Only part of a ReadProcessMemory or WriteProcessMemory request was completed. (0x12B)
[1013/233023.338:ERROR:process_memory_win.cc(73)] ReadMemory at 0xdb47fe000 of 8192 bytes failed: Only part of a ReadProcessMemory or WriteProcessMemory request was completed. (0x12B)
[1013/233023.338:ERROR:process_memory_win.cc(73)] ReadMemory at 0xdb4ffe000 of 8192 bytes failed: Only part of a ReadProcessMemory or WriteProcessMemory request was completed. (0x12B)
[1013/233023.339:ERROR:process_memory_win.cc(73)] ReadMemory at 0xdb57fd000 of 12288 bytes failed: Only part of a ReadProcessMemory or WriteProcessMemory request was completed. (0x12B)
[1013/233023.339:ERROR:process_memory_win.cc(73)] ReadMemory at 0xdb5ffe000 of 8192 bytes failed: Only part of a ReadProcessMemory or WriteProcessMemory request was completed. (0x12B)
[1013/233023.339:ERROR:process_memory_win.cc(73)] ReadMemory at 0xdb67fc000 of 16384 bytes failed: Only part of a ReadProcessMemory or WriteProcessMemory request was completed. (0x12B)
[1013/233023.339:ERROR:process_memory_win.cc(73)] ReadMemory at 0xdb6ffd000 of 12288 bytes failed: Only part of a ReadProcessMemory or WriteProcessMemory request was completed. (0x12B)
[1013/233023.339:ERROR:process_memory_win.cc(73)] ReadMemory at 0xdb77fe000 of 8192 bytes failed: Only part of a ReadProcessMemory or WriteProcessMemory request was completed. (0x12B)
[1013/233023.339:ERROR:process_memory_win.cc(73)] ReadMemory at 0xdb7ffd000 of 12288 bytes failed: Only part of a ReadProcessMemory or WriteProcessMemory request was completed. (0x12B)
[1013/233023.339:ERROR:process_memory_win.cc(73)] ReadMemory at 0xdb3ffc000 of 16384 bytes failed: Only part of a ReadProcessMemory or WriteProcessMemory request was completed. (0x12B)
[1013/233023.339:ERROR:process_memory_win.cc(73)] ReadMemory at 0xdb87fe000 of 8192 bytes failed: Only part of a ReadProcessMemory or WriteProcessMemory request was completed. (0x12B)
[1013/233023.339:ERROR:process_memory_win.cc(73)] ReadMemory at 0xdb0f7e000 of 852 bytes failed: Only part of a ReadProcessMemory or WriteProcessMemory request was completed. (0x12B)
[1013/233023.340:ERROR:process_memory_win.cc(73)] ReadMemory at 0xdb0f7f000 of 6024 bytes failed: Only part of a ReadProcessMemory or WriteProcessMemory request was completed. (0x12B)
[1013/233023.341:ERROR:process_memory_win.cc(73)] ReadMemory at 0xdb0f81000 of 6024 bytes failed: Only part of a ReadProcessMemory or WriteProcessMemory request was completed. (0x12B)
[1013/233023.341:ERROR:process_memory_win.cc(73)] ReadMemory at 0xdb0f83000 of 6024 bytes failed: Only part of a ReadProcessMemory or WriteProcessMemory request was completed. (0x12B)
[1013/233023.341:ERROR:process_memory_win.cc(73)] ReadMemory at 0xdb0f85000 of 6024 bytes failed: Only part of a ReadProcessMemory or WriteProcessMemory request was completed. (0x12B)
[1013/233023.341:ERROR:process_memory_win.cc(73)] ReadMemory at 0xdb0f87000 of 6024 bytes failed: Only part of a ReadProcessMemory or WriteProcessMemory request was completed. (0x12B)
[1013/233023.341:ERROR:process_memory_win.cc(73)] ReadMemory at 0xdb0f8b000 of 6024 bytes failed: Only part of a ReadProcessMemory or WriteProcessMemory request was completed. (0x12B)
[1013/233023.341:ERROR:process_memory_win.cc(73)] ReadMemory at 0xdb0f8d000 of 6024 bytes failed: Only part of a ReadProcessMemory or WriteProcessMemory request was completed. (0x12B)
[1013/233023.341:ERROR:process_memory_win.cc(73)] ReadMemory at 0xdb0f8f000 of 6024 bytes failed: Only part of a ReadProcessMemory or WriteProcessMemory request was completed. (0x12B)
[1013/233023.341:ERROR:process_memory_win.cc(73)] ReadMemory at 0xdb0f91000 of 6024 bytes failed: Only part of a ReadProcessMemory or WriteProcessMemory request was completed. (0x12B)
[1013/233023.341:ERROR:process_memory_win.cc(73)] ReadMemory at 0xdb0f93000 of 6024 bytes failed: Only part of a ReadProcessMemory or WriteProcessMemory request was completed. (0x12B)
[1013/233023.341:ERROR:process_memory_win.cc(73)] ReadMemory at 0xdb0f95000 of 6024 bytes failed: Only part of a ReadProcessMemory or WriteProcessMemory request was completed. (0x12B)
[1013/233023.341:ERROR:process_memory_win.cc(73)] ReadMemory at 0xdb0f97000 of 6024 bytes failed: Only part of a ReadProcessMemory or WriteProcessMemory request was completed. (0x12B)
[1013/233023.341:ERROR:process_memory_win.cc(73)] ReadMemory at 0xdb0f9d000 of 6024 bytes failed: Only part of a ReadProcessMemory or WriteProcessMemory request was completed. (0x12B)
[1013/233023.341:ERROR:process_memory_win.cc(73)] ReadMemory at 0xdb0f9f000 of 6024 bytes failed: Only part of a ReadProcessMemory or WriteProcessMemory request was completed. (0x12B)
[1013/233023.341:ERROR:process_memory_win.cc(73)] ReadMemory at 0xdb0fa1000 of 6024 bytes failed: Only part of a ReadProcessMemory or WriteProcessMemory request was completed. (0x12B)
[1013/233023.341:ERROR:process_memory_win.cc(73)] ReadMemory at 0x18609bc0190 of 512 bytes failed: Only part of a ReadProcessMemory or WriteProcessMemory request was completed. (0x12B)
[1013/233023.341:ERROR:process_memory_win.cc(73)] ReadMemory at 0x18609cc0000 of 384 bytes failed: Only part of a ReadProcessMemory or WriteProcessMemory request was completed. (0x12B)
[1013/233023.405:ERROR:process_memory_win.cc(73)] ReadMemory at 0x18609cc0fe0 of 20550 bytes failed: Only part of a ReadProcessMemory or WriteProcessMemory request was completed. (0x12B)
[1013/233023.447:ERROR:process_memory_win.cc(73)] ReadMemory at 0x18609cc6030 of 1012 bytes failed: Only part of a ReadProcessMemory or WriteProcessMemory request was completed. (0x12B)
[1013/233023.447:ERROR:process_memory_win.cc(73)] ReadMemory at 0x18609cc6678 of 118 bytes failed: Only part of a ReadProcessMemory or WriteProcessMemory request was completed. (0x12B)
[1013/233023.447:ERROR:process_memory_win.cc(73)] ReadMemory at 0x18609cc66f0 of 722 bytes failed: Only part of a ReadProcessMemory or WriteProcessMemory request was completed. (0x12B)
[1013/233023.447:ERROR:process_memory_win.cc(73)] ReadMemory at 0x18609cc69c4 of 118 bytes failed: Only part of a ReadProcessMemory or WriteProcessMemory request was completed. (0x12B)
[1013/233023.448:ERROR:process_memory_win.cc(73)] ReadMemory at 0x18609cc6a3c of 96 bytes failed: Only part of a ReadProcessMemory or WriteProcessMemory request was completed. (0x12B)
[1013/233023.448:ERROR:process_memory_win.cc(73)] ReadMemory at 0x18609cc6ab0 of 58 bytes failed: Only part of a ReadProcessMemory or WriteProcessMemory request was completed. (0x12B)
[1013/233023.448:ERROR:process_memory_win.cc(73)] ReadMemory at 0x18609cc6bb0 of 132 bytes failed: Only part of a ReadProcessMemory or WriteProcessMemory request was completed. (0x12B)
[1013/233023.448:ERROR:process_memory_win.cc(73)] ReadMemory at 0x18609cc6d40 of 132 bytes failed: Only part of a ReadProcessMemory or WriteProcessMemory request was completed. (0x12B)
[1013/233023.448:ERROR:process_memory_win.cc(73)] ReadMemory at 0x18609cc6f00 of 124 bytes failed: Only part of a ReadProcessMemory or WriteProcessMemory request was completed. (0x12B)
[1013/233023.448:ERROR:process_memory_win.cc(73)] ReadMemory at 0x18609cc7400 of 132 bytes failed: Only part of a ReadProcessMemory or WriteProcessMemory request was completed. (0x12B)
[1013/233023.448:ERROR:process_memory_win.cc(73)] ReadMemory at 0x18609cc7590 of 64 bytes failed: Only part of a ReadProcessMemory or WriteProcessMemory request was completed. (0x12B)
[1013/233023.448:ERROR:process_memory_win.cc(73)] ReadMemory at 0x18609cc7750 of 132 bytes failed: Only part of a ReadProcessMemory or WriteProcessMemory request was completed. (0x12B)
[1013/233023.448:ERROR:process_memory_win.cc(73)] ReadMemory at 0x18609cc79f0 of 132 bytes failed: Only part of a ReadProcessMemory or WriteProcessMemory request was completed. (0x12B)
[1013/233023.448:ERROR:process_memory_win.cc(73)] ReadMemory at 0x18609cc7b80 of 68 bytes failed: Only part of a ReadProcessMemory or WriteProcessMemory request was completed. (0x12B)
[1013/233023.449:ERROR:process_memory_win.cc(73)] ReadMemory at 0x18609cc8c40 of 132 bytes failed: Only part of a ReadProcessMemory or WriteProcessMemory request was completed. (0x12B)
[1013/233023.449:ERROR:process_memory_win.cc(73)] ReadMemory at 0x18609cc8dd0 of 152 bytes failed: Only part of a ReadProcessMemory or WriteProcessMemory request was completed. (0x12B)
[1013/233023.449:ERROR:process_memory_win.cc(73)] ReadMemory at 0x18609cc9a00 of 132 bytes failed: Only part of a ReadProcessMemory or WriteProcessMemory request was completed. (0x12B)
[1013/233023.449:ERROR:process_memory_win.cc(73)] ReadMemory at 0x18609cc9b90 of 60 bytes failed: Only part of a ReadProcessMemory or WriteProcessMemory request was completed. (0x12B)
[1013/233023.449:ERROR:process_memory_win.cc(73)] ReadMemory at 0x18609ccae50 of 62 bytes failed: Only part of a ReadProcessMemory or WriteProcessMemory request was completed. (0x12B)
[1013/233023.449:ERROR:process_memory_win.cc(73)] ReadMemory at 0x18609cdbb00 of 80 bytes failed: Only part of a ReadProcessMemory or WriteProcessMemory request was completed. (0x12B)
[1013/233023.449:ERROR:process_memory_win.cc(73)] ReadMemory at 0x18609cde610 of 132 bytes failed: Only part of a ReadProcessMemory or WriteProcessMemory request was completed. (0x12B)
[1013/233023.449:ERROR:process_memory_win.cc(73)] ReadMemory at 0x18609cdeae0 of 132 bytes failed: Only part of a ReadProcessMemory or WriteProcessMemory request was completed. (0x12B)
[1013/233023.449:ERROR:process_memory_win.cc(73)] ReadMemory at 0x18609cdf880 of 80 bytes failed: Only part of a ReadProcessMemory or WriteProcessMemory request was completed. (0x12B)
[1013/233023.449:ERROR:process_memory_win.cc(73)] ReadMemory at 0x18609cdf940 of 76 bytes failed: Only part of a ReadProcessMemory or WriteProcessMemory request was completed. (0x12B)
[1013/233023.449:ERROR:process_memory_win.cc(73)] ReadMemory at 0x18609ce56e0 of 132 bytes failed: Only part of a ReadProcessMemory or WriteProcessMemory request was completed. (0x12B)
[1013/233023.450:ERROR:process_memory_win.cc(73)] ReadMemory at 0x18609ce5810 of 144 bytes failed: Only part of a ReadProcessMemory or WriteProcessMemory request was completed. (0x12B)
[1013/233023.450:ERROR:process_memory_win.cc(73)] ReadMemory at 0x18609ce63b0 of 54 bytes failed: Only part of a ReadProcessMemory or WriteProcessMemory request was completed. (0x12B)
[1013/233023.450:ERROR:process_memory_win.cc(73)] ReadMemory at 0x18609ce78a0 of 132 bytes failed: Only part of a ReadProcessMemory or WriteProcessMemory request was completed. (0x12B)
[1013/233023.450:ERROR:process_memory_win.cc(73)] ReadMemory at 0x18609ce7db0 of 132 bytes failed: Only part of a ReadProcessMemory or WriteProcessMemory request was completed. (0x12B)
[1013/233023.450:ERROR:process_memory_win.cc(73)] ReadMemory at 0x18609ce9130 of 132 bytes failed: Only part of a ReadProcessMemory or WriteProcessMemory request was completed. (0x12B)
[1013/233023.621:ERROR:process_memory_win.cc(73)] ReadMemory at 0x18609ce9350 of 132 bytes failed: Only part of a ReadProcessMemory or WriteProcessMemory request was completed. (0x12B)
[1013/233023.628:ERROR:process_memory_win.cc(73)] ReadMemory at 0x18609ce9570 of 132 bytes failed: Only part of a ReadProcessMemory or WriteProcessMemory request was completed. (0x12B)
[1013/233023.628:ERROR:process_memory_win.cc(73)] ReadMemory at 0x18609cea830 of 62 bytes failed: Only part of a ReadProcessMemory or WriteProcessMemory request was completed. (0x12B)
[1013/233023.628:ERROR:process_memory_win.cc(73)] ReadMemory at 0x18609ceaa10 of 62 bytes failed: Only part of a ReadProcessMemory or WriteProcessMemory request was completed. (0x12B)
[1013/233023.628:ERROR:process_memory_win.cc(73)] ReadMemory at 0x18609ceaab0 of 62 bytes failed: Only part of a ReadProcessMemory or WriteProcessMemory request was completed. (0x12B)
[1013/233023.629:ERROR:process_memory_win.cc(73)] ReadMemory at 0x18609ceab50 of 64 bytes failed: Only part of a ReadProcessMemory or WriteProcessMemory request was completed. (0x12B)
[1013/233023.629:ERROR:process_memory_win.cc(73)] ReadMemory at 0x18609ceaba0 of 66 bytes failed: Only part of a ReadProcessMemory or WriteProcessMemory request was completed. (0x12B)
[1013/233023.629:ERROR:process_memory_win.cc(73)] ReadMemory at 0x18609ceabf0 of 64 bytes failed: Only part of a ReadProcessMemory or WriteProcessMemory request was completed. (0x12B)
[1013/233023.629:ERROR:process_memory_win.cc(73)] ReadMemory at 0x18609ceac40 of 58 bytes failed: Only part of a ReadProcessMemory or WriteProcessMemory request was completed. (0x12B)
[1013/233023.629:ERROR:process_memory_win.cc(73)] ReadMemory at 0x18609ceac90 of 62 bytes failed: Only part of a ReadProcessMemory or WriteProcessMemory request was completed. (0x12B)
[1013/233023.629:ERROR:process_memory_win.cc(73)] ReadMemory at 0x18609ceace0 of 64 bytes failed: Only part of a ReadProcessMemory or WriteProcessMemory request was completed. (0x12B)
[1013/233023.637:ERROR:process_memory_win.cc(73)] ReadMemory at 0x18609cead30 of 64 bytes failed: Only part of a ReadProcessMemory or WriteProcessMemory request was completed. (0x12B)
[1013/233023.637:ERROR:process_memory_win.cc(73)] ReadMemory at 0x18609ceae20 of 64 bytes failed: Only part of a ReadProcessMemory or WriteProcessMemory request was completed. (0x12B)
[1013/233023.637:ERROR:process_memory_win.cc(73)] ReadMemory at 0x18609ceaec0 of 60 bytes failed: Only part of a ReadProcessMemory or WriteProcessMemory request was completed. (0x12B)
[1013/233023.637:ERROR:process_memory_win.cc(73)] ReadMemory at 0x18609ceaf60 of 62 bytes failed: Only part of a ReadProcessMemory or WriteProcessMemory request was completed. (0x12B)
[1013/233023.637:ERROR:process_memory_win.cc(73)] ReadMemory at 0x18609ceafb0 of 64 bytes failed: Only part of a ReadProcessMemory or WriteProcessMemory request was completed. (0x12B)
[1013/233023.637:ERROR:process_memory_win.cc(73)] ReadMemory at 0x18609ceb0f0 of 60 bytes failed: Only part of a ReadProcessMemory or WriteProcessMemory request was completed. (0x12B)
[1013/233023.637:ERROR:process_memory_win.cc(73)] ReadMemory at 0x18609ceb140 of 62 bytes failed: Only part of a ReadProcessMemory or WriteProcessMemory request was completed. (0x12B)
[1013/233023.637:ERROR:process_memory_win.cc(73)] ReadMemory at 0x18609ceb190 of 64 bytes failed: Only part of a ReadProcessMemory or WriteProcessMemory request was completed. (0x12B)
[1013/233023.637:ERROR:process_memory_win.cc(73)] ReadMemory at 0x18609ceb230 of 62 bytes failed: Only part of a ReadProcessMemory or WriteProcessMemory request was completed. (0x12B)
[1013/233023.637:ERROR:process_memory_win.cc(73)] ReadMemory at 0x18609ceb2d0 of 62 bytes failed: Only part of a ReadProcessMemory or WriteProcessMemory request was completed. (0x12B)
[1013/233023.637:ERROR:process_memory_win.cc(73)] ReadMemory at 0x18609ceb320 of 60 bytes failed: Only part of a ReadProcessMemory or WriteProcessMemory request was completed. (0x12B)
[1013/233023.638:ERROR:process_memory_win.cc(73)] ReadMemory at 0x18609ceb410 of 60 bytes failed: Only part of a ReadProcessMemory or WriteProcessMemory request was completed. (0x12B)
[1013/233023.638:ERROR:process_memory_win.cc(73)] ReadMemory at 0x18609ceb460 of 62 bytes failed: Only part of a ReadProcessMemory or WriteProcessMemory request was completed. (0x12B)
[1013/233023.638:ERROR:process_memory_win.cc(73)] ReadMemory at 0x18609ceb4b0 of 66 bytes failed: Only part of a ReadProcessMemory or WriteProcessMemory request was completed. (0x12B)
[1013/233023.638:ERROR:process_memory_win.cc(73)] ReadMemory at 0x18609ceb550 of 62 bytes failed: Only part of a ReadProcessMemory or WriteProcessMemory request was completed. (0x12B)
[1013/233023.638:ERROR:process_memory_win.cc(73)] ReadMemory at 0x18609ceb5a0 of 60 bytes failed: Only part of a ReadProcessMemory or WriteProcessMemory request was completed. (0x12B)
[1013/233023.638:ERROR:process_memory_win.cc(73)] ReadMemory at 0x18609ceb5f0 of 60 bytes failed: Only part of a ReadProcessMemory or WriteProcessMemory request was completed. (0x12B)
[1013/233023.638:ERROR:process_memory_win.cc(73)] ReadMemory at 0x18609ceb690 of 64 bytes failed: Only part of a ReadProcessMemory or WriteProcessMemory request was completed. (0x12B)
[1013/233023.638:ERROR:process_memory_win.cc(73)] ReadMemory at 0x18609ced340 of 132 bytes failed: Only part of a ReadProcessMemory or WriteProcessMemory request was completed. (0x12B)
[1013/233023.638:ERROR:process_memory_win.cc(73)] ReadMemory at 0x18609ced5a0 of 132 bytes failed: Only part of a ReadProcessMemory or WriteProcessMemory request was completed. (0x12B)
[1013/233023.692:ERROR:process_memory_win.cc(73)] ReadMemory at 0x18609ced6d0 of 132 bytes failed: Only part of a ReadProcessMemory or WriteProcessMemory request was completed. (0x12B)
[1013/233023.692:ERROR:process_memory_win.cc(73)] ReadMemory at 0x18609ced800 of 132 bytes failed: Only part of a ReadProcessMemory or WriteProcessMemory request was completed. (0x12B)
[1013/233023.692:ERROR:process_memory_win.cc(73)] ReadMemory at 0x18609ced930 of 132 bytes failed: Only part of a ReadProcessMemory or WriteProcessMemory request was completed. (0x12B)
[1013/233023.693:ERROR:process_memory_win.cc(73)] ReadMemory at 0x18609ceda60 of 132 bytes failed: Only part of a ReadProcessMemory or WriteProcessMemory request was completed. (0x12B)
[1013/233023.693:ERROR:process_memory_win.cc(73)] ReadMemory at 0x18609cedcc0 of 132 bytes failed: Only part of a ReadProcessMemory or WriteProcessMemory request was completed. (0x12B)
[1013/233023.693:ERROR:process_memory_win.cc(73)] ReadMemory at 0x18609ceddf0 of 132 bytes failed: Only part of a ReadProcessMemory or WriteProcessMemory request was completed. (0x12B)
[1013/233023.693:ERROR:process_memory_win.cc(73)] ReadMemory at 0x18609cedf20 of 132 bytes failed: Only part of a ReadProcessMemory or WriteProcessMemory request was completed. (0x12B)
[1013/233023.708:ERROR:process_memory_win.cc(73)] ReadMemory at 0x18609cee050 of 132 bytes failed: Only part of a ReadProcessMemory or WriteProcessMemory request was completed. (0x12B)
[1013/233023.708:ERROR:process_memory_win.cc(73)] ReadMemory at 0x18609cee180 of 132 bytes failed: Only part of a ReadProcessMemory or WriteProcessMemory request was completed. (0x12B)
[1013/233023.708:ERROR:process_memory_win.cc(73)] ReadMemory at 0x18609cee2b0 of 132 bytes failed: Only part of a ReadProcessMemory or WriteProcessMemory request was completed. (0x12B)
[1013/233023.746:ERROR:process_memory_win.cc(73)] ReadMemory at 0x18609cee3e0 of 132 bytes failed: Only part of a ReadProcessMemory or WriteProcessMemory request was completed. (0x12B)
[1013/233023.746:ERROR:process_memory_win.cc(73)] ReadMemory at 0x18609ceee10 of 132 bytes failed: Only part of a ReadProcessMemory or WriteProcessMemory request was completed. (0x12B)
[1013/233023.782:ERROR:process_memory_win.cc(73)] ReadMemory at 0x18609cef020 of 132 bytes failed: Only part of a ReadProcessMemory or WriteProcessMemory request was completed. (0x12B)
[1013/233023.874:ERROR:process_memory_win.cc(73)] ReadMemory at 0x18609cef4e0 of 132 bytes failed: Only part of a ReadProcessMemory or WriteProcessMemory request was completed. (0x12B)
[1013/233023.874:ERROR:process_memory_win.cc(73)] ReadMemory at 0x18609cef610 of 132 bytes failed: Only part of a ReadProcessMemory or WriteProcessMemory request was completed. (0x12B)
[1013/233023.874:ERROR:process_memory_win.cc(73)] ReadMemory at 0x18609cef740 of 132 bytes failed: Only part of a ReadProcessMemory or WriteProcessMemory request was completed. (0x12B)
[1013/233023.874:ERROR:process_memory_win.cc(73)] ReadMemory at 0x18609cef9a0 of 132 bytes failed: Only part of a ReadProcessMemory or WriteProcessMemory request was completed. (0x12B)
[1013/233023.874:ERROR:process_memory_win.cc(73)] ReadMemory at 0x18609cefe60 of 132 bytes failed: Only part of a ReadProcessMemory or WriteProcessMemory request was completed. (0x12B)
[1013/233023.875:ERROR:process_memory_win.cc(73)] ReadMemory at 0x18609cf01f0 of 132 bytes failed: Only part of a ReadProcessMemory or WriteProcessMemory request was completed. (0x12B)
[1013/233023.875:ERROR:process_memory_win.cc(73)] ReadMemory at 0x18609cf0450 of 132 bytes failed: Only part of a ReadProcessMemory or WriteProcessMemory request was completed. (0x12B)
[1013/233023.997:ERROR:process_memory_win.cc(73)] ReadMemory at 0x18609cf06b0 of 132 bytes failed: Only part of a ReadProcessMemory or WriteProcessMemory request was completed. (0x12B)
[1013/233023.998:ERROR:process_memory_win.cc(73)] ReadMemory at 0x18609cf0a40 of 132 bytes failed: Only part of a ReadProcessMemory or WriteProcessMemory request was completed. (0x12B)
[1013/233023.998:ERROR:process_memory_win.cc(73)] ReadMemory at 0x18609d40cc0 of 512 bytes failed: Only part of a ReadProcessMemory or WriteProcessMemory request was completed. (0x12B)
[1013/233023.998:ERROR:process_memory_win.cc(73)] ReadMemory at 0x18609d57e30 of 1072 bytes failed: Only part of a ReadProcessMemory or WriteProcessMemory request was completed. (0x12B)
[1013/233023.998:ERROR:process_memory_win.cc(73)] ReadMemory at 0x18609d5d550 of 512 bytes failed: Only part of a ReadProcessMemory or WriteProcessMemory request was completed. (0x12B)
[1013/233023.999:ERROR:process_memory_win.cc(73)] ReadMemory at 0x18609d5d820 of 512 bytes failed: Only part of a ReadProcessMemory or WriteProcessMemory request was completed. (0x12B)
[1013/233023.999:ERROR:process_memory_win.cc(73)] ReadMemory at 0x18609d75f10 of 512 bytes failed: Only part of a ReadProcessMemory or WriteProcessMemory request was completed. (0x12B)
[1013/233023.999:ERROR:process_memory_win.cc(73)] ReadMemory at 0x18609d8e680 of 712 bytes failed: Only part of a ReadProcessMemory or WriteProcessMemory request was completed. (0x12B)
[1013/233023.999:ERROR:process_memory_win.cc(73)] ReadMemory at 0x18609d92bf8 of 512 bytes failed: Only part of a ReadProcessMemory or WriteProcessMemory request was completed. (0x12B)
[1013/233023.999:ERROR:process_memory_win.cc(73)] ReadMemory at 0x18609d940c8 of 512 bytes failed: Only part of a ReadProcessMemory or WriteProcessMemory request was completed. (0x12B)
[1013/233024.032:ERROR:process_memory_win.cc(73)] ReadMemory at 0x18609d94818 of 512 bytes failed: Only part of a ReadProcessMemory or WriteProcessMemory request was completed. (0x12B)
[1013/233024.033:ERROR:process_memory_win.cc(73)] ReadMemory at 0x1860b5c0000 of 384 bytes failed: Only part of a ReadProcessMemory or WriteProcessMemory request was completed. (0x12B)
[1013/233024.033:ERROR:process_memory_win.cc(73)] ReadMemory at 0x1860b5c6ca0 of 512 bytes failed: Only part of a ReadProcessMemory or WriteProcessMemory request was completed. (0x12B)
[1013/233024.033:ERROR:process_memory_win.cc(73)] ReadMemory at 0x1860b5ccab6 of 924 bytes failed: Only part of a ReadProcessMemory or WriteProcessMemory request was completed. (0x12B)
[1013/233024.033:ERROR:process_memory_win.cc(73)] ReadMemory at 0x1860b5dd4c0 of 512 bytes failed: Only part of a ReadProcessMemory or WriteProcessMemory request was completed. (0x12B)
[1013/233024.034:ERROR:process_memory_win.cc(73)] ReadMemory at 0x1860b6a5400 of 512 bytes failed: Only part of a ReadProcessMemory or WriteProcessMemory request was completed. (0x12B)
[1013/233024.034:ERROR:process_memory_win.cc(73)] ReadMemory at 0x1860b80d500 of 512 bytes failed: Only part of a ReadProcessMemory or WriteProcessMemory request was completed. (0x12B)
[1013/233024.034:ERROR:process_memory_win.cc(73)] ReadMemory at 0x1860beefe60 of 512 bytes failed: Only part of a ReadProcessMemory or WriteProcessMemory request was completed. (0x12B)
[1013/233024.034:ERROR:process_memory_win.cc(73)] ReadMemory at 0x1860bf10bb0 of 512 bytes failed: Only part of a ReadProcessMemory or WriteProcessMemory request was completed. (0x12B)
[1013/233024.034:ERROR:process_memory_win.cc(73)] ReadMemory at 0x1860fee4290 of 512 bytes failed: Only part of a ReadProcessMemory or WriteProcessMemory request was completed. (0x12B)
[1013/233024.035:ERROR:process_memory_win.cc(73)] ReadMemory at 0x6d32cdfd358 of 512 bytes failed: Only part of a ReadProcessMemory or WriteProcessMemory request was completed. (0x12B)
[1013/233024.035:ERROR:process_memory_win.cc(73)] ReadMemory at 0x19748aadead8 of 512 bytes failed: Only part of a ReadProcessMemory or WriteProcessMemory request was completed. (0x12B)
[1013/233024.035:ERROR:process_memory_win.cc(73)] ReadMemory at 0x19a70ecf0160 of 512 bytes failed: Only part of a ReadProcessMemory or WriteProcessMemory request was completed. (0x12B)
[1013/233024.035:ERROR:process_memory_win.cc(73)] ReadMemory at 0x24363aa81000 of 448 bytes failed: Only part of a ReadProcessMemory or WriteProcessMemory request was completed. (0x12B)
[1013/233024.036:ERROR:process_memory_win.cc(73)] ReadMemory at 0x24363abaeba0 of 512 bytes failed: Only part of a ReadProcessMemory or WriteProcessMemory request was completed. (0x12B)
[1013/233024.172:ERROR:process_memory_win.cc(73)] ReadMemory at 0x3680e6522530 of 512 bytes failed: Only part of a ReadProcessMemory or WriteProcessMemory request was completed. (0x12B)
[1013/233024.173:ERROR:process_memory_win.cc(73)] ReadMemory at 0x7085085d8785 of 512 bytes failed: Only part of a ReadProcessMemory or WriteProcessMemory request was completed. (0x12B)
[1013/233024.173:ERROR:process_memory_win.cc(73)] ReadMemory at 0x7085095f3b98 of 512 bytes failed: Only part of a ReadProcessMemory or WriteProcessMemory request was completed. (0x12B)
[1013/233024.173:ERROR:process_memory_win.cc(73)] ReadMemory at 0x7085602201f1 of 512 bytes failed: Only part of a ReadProcessMemory or WriteProcessMemory request was completed. (0x12B)
[1013/233024.173:ERROR:process_memory_win.cc(73)] ReadMemory at 0x708560220f1c of 512 bytes failed: Only part of a ReadProcessMemory or WriteProcessMemory request was completed. (0x12B)
[1013/233024.173:ERROR:process_memory_win.cc(73)] ReadMemory at 0x7085774fbc59 of 512 bytes failed: Only part of a ReadProcessMemory or WriteProcessMemory request was completed. (0x12B)
[1013/233024.174:ERROR:process_memory_win.cc(73)] ReadMemory at 0x746fa74320a8 of 560 bytes failed: Only part of a ReadProcessMemory or WriteProcessMemory request was completed. (0x12B)
[1013/233024.174:ERROR:process_memory_win.cc(73)] ReadMemory at 0x7ffa4c595b04 of 512 bytes failed: Only part of a ReadProcessMemory or WriteProcessMemory request was completed. (0x12B)
[1013/233024.174:ERROR:process_memory_win.cc(73)] ReadMemory at 0x7ffa4e78cc9b of 512 bytes failed: Only part of a ReadProcessMemory or WriteProcessMemory request was completed. (0x12B)
[1013/233024.217:ERROR:process_memory_win.cc(73)] ReadMemory at 0x7ffa525121f0 of 512 bytes failed: Only part of a ReadProcessMemory or WriteProcessMemory request was completed. (0x12B)
[1013/233024.217:ERROR:process_memory_win.cc(73)] ReadMemory at 0x7ffa8bee5810 of 512 bytes failed: Only part of a ReadProcessMemory or WriteProcessMemory request was completed. (0x12B)
[1013/233024.217:ERROR:process_memory_win.cc(73)] ReadMemory at 0x7ffa8bee5ed7 of 512 bytes failed: Only part of a ReadProcessMemory or WriteProcessMemory request was completed. (0x12B)
[1013/233024.217:ERROR:process_memory_win.cc(73)] ReadMemory at 0x7ffad84b1f80 of 512 bytes failed: Only part of a ReadProcessMemory or WriteProcessMemory request was completed. (0x12B)
[1013/233024.269:ERROR:process_memory_win.cc(73)] ReadMemory at 0x7ffad9abc074 of 672 bytes failed: Only part of a ReadProcessMemory or WriteProcessMemory request was completed. (0x12B)
[1013/233024.269:ERROR:process_memory_win.cc(73)] ReadMemory at 0x7ffad9abf924 of 608 bytes failed: Only part of a ReadProcessMemory or WriteProcessMemory request was completed. (0x12B)
[1013/233024.270:ERROR:process_memory_win.cc(73)] ReadMemory at 0x7ffad9b4c428 of 18 bytes failed: Only part of a ReadProcessMemory or WriteProcessMemory request was completed. (0x12B)
[1013/233024.270:ERROR:process_memory_win.cc(73)] ReadMemory at 0x7ffad9b7f4f8 of 40 bytes failed: Only part of a ReadProcessMemory or WriteProcessMemory request was completed. (0x12B)
[1013/233024.270:ERROR:process_memory_win.cc(73)] ReadMemory at 0x7ffad9b7f978 of 48 bytes failed: Only part of a ReadProcessMemory or WriteProcessMemory request was completed. (0x12B)
[1013/233024.270:ERROR:process_memory_win.cc(73)] ReadMemory at 0x7ffad9b853c0 of 64 bytes failed: Only part of a ReadProcessMemory or WriteProcessMemory request was completed. (0x12B)
[1013/233024.655:ERROR:scoped_process_suspend.cc(40)] NtResumeProcess: An attempt was made to access an exiting process. (0xc000010a)
[1016/102148.240:ERROR:directory_reader_win.cc(43)] FindFirstFile: The system cannot find the path specified. (0x3)
